<?xml version="1.0" encoding="UTF-8"?>
<!-- Generated by org.testng.reporters.JUnitXMLReporter -->
<testsuite ignored="7" hostname="LAPTOP-RP61NQ22" failures="1" tests="5" name="Test" time="6.065" errors="0" timestamp="2023-09-30T16:21:09 IST">
  <testcase classname="test.ExampleTest" name="example1" time="0.006"/>
  <testcase classname="test.SampleTest" name="sample2" time="0.002"/>
  <testcase classname="test.SampleTest" name="sample3" time="0.003">
    <failure type="java.lang.AssertionError" message="null">
      <![CDATA[java.lang.AssertionError: null
at test.SampleTest.sample3(SampleTest.java:17)
at java.base/java.util.ArrayList.forEach(ArrayList.java:1511)
at java.base/java.util.concurrent.FutureTask.run(FutureTask.java:264)
at java.base/java.util.concurrent.ThreadPoolExecutor.runWorker(ThreadPoolExecutor.java:1136)
at java.base/java.util.concurrent.ThreadPoolExecutor$Worker.run(ThreadPoolExecutor.java:635)
at java.base/java.lang.Thread.run(Thread.java:833)
... Removed 19 stack frames]]>
    </failure>
  </testcase> <!-- sample3 -->
  <testcase classname="test.DemoTest" name="demo1" time="0.001"/>
  <testcase classname="test.DemoTest" name="demo3" time="0.0"/>
  <testcase classname="com.Essan_Rad.GenericUtils.BaseClass" name="@AfterSuite configureAfterSuite" time="0.0">
    <ignored/>
  </testcase> <!-- @AfterSuite configureAfterSuite -->
  <testcase classname="test.DemoTest" name="demo2" time="0.0">
    <ignored/>
  </testcase> <!-- demo2 -->
  <testcase classname="com.Essan_Rad.GenericUtils.BaseClass" name="@AfterSuite configureAfterSuite" time="0.0">
    <ignored/>
  </testcase> <!-- @AfterSuite configureAfterSuite -->
  <testcase classname="test.ExampleTest" name="example3" time="0.0">
    <ignored/>
  </testcase> <!-- example3 -->
  <testcase classname="com.Essan_Rad.GenericUtils.BaseClass" name="@BeforeSuite configureBeforeSuite" time="0.0">
    <ignored/>
  </testcase> <!-- @BeforeSuite configureBeforeSuite -->
  <testcase classname="test.SampleTest" name="sample1" time="0.0">
    <ignored/>
  </testcase> <!-- sample1 -->
  <testcase classname="com.Essan_Rad.GenericUtils.BaseClass" name="@BeforeSuite configureBeforeSuite" time="0.0">
    <ignored/>
  </testcase> <!-- @BeforeSuite configureBeforeSuite -->
</testsuite> <!-- Test -->
